<?xml version="1.0" encoding="UTF-8" ?>
<testsuite errors="0" failures="0" hostname="DESKTOP-5L013PL" name="validadorips.ValidadorIPsTest" skipped="0" tests="18" time="0.09" timestamp="2023-04-25T08:45:53">
  <properties>
    <property name="libs.spring-framework300.classpath" value="C:\Program Files\NetBeans-15\netbeans\platform\modules\org-apache-commons-logging.jar;C:\Program Files\NetBeans-15\netbeans\java\modules\ext\cglib-2.2.jar;C:\Program Files\NetBeans-15\netbeans\java\modules\ext\spring-3.0\spring-aop-3.2.18.RELEASE.jar;C:\Program Files\NetBeans-15\netbeans\java\modules\ext\spring-3.0\spring-aspects-3.2.18.RELEASE.jar;C:\Program Files\NetBeans-15\netbeans\java\modules\ext\spring-3.0\spring-beans-3.2.18.RELEASE.jar;C:\Program Files\NetBeans-15\netbeans\java\modules\ext\spring-3.0\spring-context-3.2.18.RELEASE.jar;C:\Program Files\NetBeans-15\netbeans\java\modules\ext\spring-3.0\spring-context-support-3.2.18.RELEASE.jar;C:\Program Files\NetBeans-15\netbeans\java\modules\ext\spring-3.0\spring-core-3.2.18.RELEASE.jar;C:\Program Files\NetBeans-15\netbeans\java\modules\ext\spring-3.0\spring-expression-3.2.18.RELEASE.jar;C:\Program Files\NetBeans-15\netbeans\java\modules\ext\spring-3.0\spring-instrument-3.2.18.RELEASE.jar;C:\Program Files\NetBeans-15\netbeans\java\modules\ext\spring-3.0\spring-instrument-tomcat-3.2.18.RELEASE.jar;C:\Program Files\NetBeans-15\netbeans\java\modules\ext\spring-3.0\spring-jdbc-3.2.18.RELEASE.jar;C:\Program Files\NetBeans-15\netbeans\java\modules\ext\spring-3.0\spring-jms-3.2.18.RELEASE.jar;C:\Program Files\NetBeans-15\netbeans\java\modules\ext\spring-3.0\spring-orm-3.2.18.RELEASE.jar;C:\Program Files\NetBeans-15\netbeans\java\modules\ext\spring-3.0\spring-oxm-3.2.18.RELEASE.jar;C:\Program Files\NetBeans-15\netbeans\java\modules\ext\spring-3.0\spring-struts-3.2.18.RELEASE.jar;C:\Program Files\NetBeans-15\netbeans\java\modules\ext\spring-3.0\spring-test-3.2.18.RELEASE.jar;C:\Program Files\NetBeans-15\netbeans\java\modules\ext\spring-3.0\spring-tx-3.2.18.RELEASE.jar;C:\Program Files\NetBeans-15\netbeans\java\modules\ext\spring-3.0\spring-web-3.2.18.RELEASE.jar;C:\Program Files\NetBeans-15\netbeans\java\modules\ext\spring-3.0\spring-webmvc-3.2.18.RELEASE.jar;C:\Program Files\NetBeans-15\netbeans\java\modules\ext\spring-3.0\spring-webmvc-portlet-3.2.18.RELEASE.jar" />
    <property name="javac.test.classpath" value=":build/classes:C:\Program Files\NetBeans-15\netbeans\platform\modules\ext\junit-4.13.2.jar:C:\Program Files\NetBeans-15\netbeans\platform\modules\ext\hamcrest-core-1.3.jar" />
    <property name="java.specification.version" value="17" />
    <property name="sun.cpu.isalist" value="amd64" />
    <property name="libs.spring-framework500.classpath" value="C:\Program Files\NetBeans-15\netbeans\platform\modules\org-apache-commons-logging.jar;C:\Program Files\NetBeans-15\netbeans\java\modules\ext\cglib-2.2.jar;C:\Program Files\NetBeans-15\netbeans\java\modules\ext\spring-5\spring-aop-5.2.9.RELEASE.jar;C:\Program Files\NetBeans-15\netbeans\java\modules\ext\spring-5\spring-aspects-5.2.9.RELEASE.jar;C:\Program Files\NetBeans-15\netbeans\java\modules\ext\spring-5\spring-beans-5.2.9.RELEASE.jar;C:\Program Files\NetBeans-15\netbeans\java\modules\ext\spring-5\spring-context-5.2.9.RELEASE.jar;C:\Program Files\NetBeans-15\netbeans\java\modules\ext\spring-5\spring-context-indexer-5.2.9.RELEASE.jar;C:\Program Files\NetBeans-15\netbeans\java\modules\ext\spring-5\spring-context-support-5.2.9.RELEASE.jar;C:\Program Files\NetBeans-15\netbeans\java\modules\ext\spring-5\spring-core-5.2.9.RELEASE.jar;C:\Program Files\NetBeans-15\netbeans\java\modules\ext\spring-5\spring-expression-5.2.9.RELEASE.jar;C:\Program Files\NetBeans-15\netbeans\java\modules\ext\spring-5\spring-instrument-5.2.9.RELEASE.jar;C:\Program Files\NetBeans-15\netbeans\java\modules\ext\spring-5\spring-jcl-5.2.9.RELEASE.jar;C:\Program Files\NetBeans-15\netbeans\java\modules\ext\spring-5\spring-jdbc-5.2.9.RELEASE.jar;C:\Program Files\NetBeans-15\netbeans\java\modules\ext\spring-5\spring-jms-5.2.9.RELEASE.jar;C:\Program Files\NetBeans-15\netbeans\java\modules\ext\spring-5\spring-messaging-5.2.9.RELEASE.jar;C:\Program Files\NetBeans-15\netbeans\java\modules\ext\spring-5\spring-orm-5.2.9.RELEASE.jar;C:\Program Files\NetBeans-15\netbeans\java\modules\ext\spring-5\spring-oxm-5.2.9.RELEASE.jar;C:\Program Files\NetBeans-15\netbeans\java\modules\ext\spring-5\spring-test-5.2.9.RELEASE.jar;C:\Program Files\NetBeans-15\netbeans\java\modules\ext\spring-5\spring-tx-5.2.9.RELEASE.jar;C:\Program Files\NetBeans-15\netbeans\java\modules\ext\spring-5\spring-web-5.2.9.RELEASE.jar;C:\Program Files\NetBeans-15\netbeans\java\modules\ext\spring-5\spring-webflux-5.2.9.RELEASE.jar;C:\Program Files\NetBeans-15\netbeans\java\modules\ext\spring-5\spring-webmvc-5.2.9.RELEASE.jar;C:\Program Files\NetBeans-15\netbeans\java\modules\ext\spring-5\spring-websocket-5.2.9.RELEASE.jar" />
    <property name="jar.index.metainf" value="false" />
    <property name="do.depend" value="false" />
    <property name="javadoc.preview" value="true" />
    <property name="ant.file.type.ValidadorIPs-impl" value="file" />
    <property name="libs.spring-framework400.classpath" value="C:\Program Files\NetBeans-15\netbeans\platform\modules\org-apache-commons-logging.jar;C:\Program Files\NetBeans-15\netbeans\java\modules\ext\cglib-2.2.jar;C:\Program Files\NetBeans-15\netbeans\java\modules\ext\spring-4\spring-aop-4.3.29.RELEASE.jar;C:\Program Files\NetBeans-15\netbeans\java\modules\ext\spring-4\spring-aspects-4.3.29.RELEASE.jar;C:\Program Files\NetBeans-15\netbeans\java\modules\ext\spring-4\spring-beans-4.3.29.RELEASE.jar;C:\Program Files\NetBeans-15\netbeans\java\modules\ext\spring-4\spring-context-4.3.29.RELEASE.jar;C:\Program Files\NetBeans-15\netbeans\java\modules\ext\spring-4\spring-context-support-4.3.29.RELEASE.jar;C:\Program Files\NetBeans-15\netbeans\java\modules\ext\spring-4\spring-core-4.3.29.RELEASE.jar;C:\Program Files\NetBeans-15\netbeans\java\modules\ext\spring-4\spring-expression-4.3.29.RELEASE.jar;C:\Program Files\NetBeans-15\netbeans\java\modules\ext\spring-4\spring-instrument-4.3.29.RELEASE.jar;C:\Program Files\NetBeans-15\netbeans\java\modules\ext\spring-4\spring-instrument-tomcat-4.3.29.RELEASE.jar;C:\Program Files\NetBeans-15\netbeans\java\modules\ext\spring-4\spring-jdbc-4.3.29.RELEASE.jar;C:\Program Files\NetBeans-15\netbeans\java\modules\ext\spring-4\spring-jms-4.3.29.RELEASE.jar;C:\Program Files\NetBeans-15\netbeans\java\modules\ext\spring-4\spring-messaging-4.3.29.RELEASE.jar;C:\Program Files\NetBeans-15\netbeans\java\modules\ext\spring-4\spring-orm-4.3.29.RELEASE.jar;C:\Program Files\NetBeans-15\netbeans\java\modules\ext\spring-4\spring-oxm-4.3.29.RELEASE.jar;C:\Program Files\NetBeans-15\netbeans\java\modules\ext\spring-4\spring-test-4.3.29.RELEASE.jar;C:\Program Files\NetBeans-15\netbeans\java\modules\ext\spring-4\spring-tx-4.3.29.RELEASE.jar;C:\Program Files\NetBeans-15\netbeans\java\modules\ext\spring-4\spring-web-4.3.29.RELEASE.jar;C:\Program Files\NetBeans-15\netbeans\java\modules\ext\spring-4\spring-webmvc-4.3.29.RELEASE.jar;C:\Program Files\NetBeans-15\netbeans\java\modules\ext\spring-4\spring-webmvc-portlet-4.3.29.RELEASE.jar;C:\Program Files\NetBeans-15\netbeans\java\modules\ext\spring-4\spring-websocket-4.3.29.RELEASE.jar" />
    <property name="test.binaryincludes" value="&lt;nothing&gt;" />
    <property name="sun.arch.data.model" value="64" />
    <property name="debug-transport" value="dt_shmem" />
    <property name="java.vendor.url" value="https://java.oracle.com/" />
    <property name="annotation.processing.enabled" value="true" />
    <property name="libs.junit_5.src" value="C:\Program Files\NetBeans-15\netbeans\platform\docs\junit-jupiter-api-5.6.0-sources.jar;C:\Program Files\NetBeans-15\netbeans\platform\docs\junit-jupiter-params-5.6.0-sources.jar;C:\Program Files\NetBeans-15\netbeans\platform\docs\junit-jupiter-engine-5.6.0-sources.jar" />
    <property name="debug.modulepath" value="" />
    <property name="libs.jaxb.classpath" value="C:\Program Files\NetBeans-15\netbeans\ide\modules\ext\jaxb\jaxb-impl.jar;C:\Program Files\NetBeans-15\netbeans\ide\modules\ext\jaxb\jaxb-xjc.jar;C:\Program Files\NetBeans-15\netbeans\ide\modules\ext\jaxb\activation.jar;C:\Program Files\NetBeans-15\netbeans\ide\modules\ext\jaxb\api\jaxb-api.jar" />
    <property name="libs.eclipselink.javadoc" value="C:\Program Files\NetBeans-15\netbeans\java\modules\ext\docs\jakarta.persistence-2.2.3-doc.zip" />
    <property name="libs.JWSAntTasks.javadoc" value="" />
    <property name="sun.boot.library.path" value="C:\Program Files\Java\jdk-17.0.4.1\bin" />
    <property name="libs.CopyLibs.src" value="" />
    <property name="sun.java.command" value="org.apache.tools.ant.taskdefs.optional.junit.JUnitTestRunner validadorips.ValidadorIPsTest skipNonTests=false filtertrace=true haltOnError=false haltOnFailure=false showoutput=true outputtoformatters=true logfailedtests=true threadid=0 logtestlistenerevents=true formatter=org.apache.tools.ant.taskdefs.optional.junit.BriefJUnitResultFormatter formatter=org.apache.tools.ant.taskdefs.optional.junit.XMLJUnitResultFormatter,C:\Users\ciclos\Documents\NetBeansProjects\ValidadorIPs\build\test\results\TEST-validadorips.ValidadorIPsTest.xml crashfile=C:\Users\ciclos\Documents\NetBeansProjects\ValidadorIPs\build\junitvmwatcher9801089009721452130.properties propsfile=C:\Users\ciclos\Documents\NetBeansProjects\ValidadorIPs\build\junit16742750952806830466.properties" />
    <property name="jdk.debug" value="release" />
    <property name="libs.spring-framework300.src" value="" />
    <property name="javac.source" value="17" />
    <property name="java.specification.vendor" value="Oracle Corporation" />
    <property name="javadoc.use" value="true" />
    <property name="javadoc.notree" value="false" />
    <property name="java.version.date" value="2022-08-18" />
    <property name="java.home" value="C:\Program Files\Java\jdk-17.0.4.1" />
    <property name="basedir" value="C:\Users\ciclos\Documents\NetBeansProjects\ValidadorIPs" />
    <property name="work.dir" value="C:\Users\ciclos\Documents\NetBeansProjects\ValidadorIPs" />
    <property name="javac.test.compilerargs" value="" />
    <property name="jna.boot.library.name" value="jnidispatch-nb" />
    <property name="java.vm.specification.vendor" value="Oracle Corporation" />
    <property name="java.specification.name" value="Java Platform API Specification" />
    <property name="libs.PostgreSQLDriver.classpath" value="C:\Program Files\NetBeans-15\netbeans\ide\modules\ext\postgresql-42.2.16.jar" />
    <property name="libs.graaljs.javadoc" value="" />
    <property name="libs.JAXB-ENDORSED.src" value="" />
    <property name="netbeans.extbrowser.manual_chrome_plugin_install" value="yes" />
    <property name="manifest.encoding" value="UTF-8" />
    <property name="user.script" value="" />
    <property name="netbeans.default_userdir_root" value="C:\Users\ciclos\AppData\Roaming\NetBeans" />
    <property name="libs.spring-framework500.javadoc" value="" />
    <property name="sun.management.compiler" value="HotSpot 64-Bit Tiered Compilers" />
    <property name="libs.spring-framework400.src" value="" />
    <property name="run.test.modulepath" value="" />
    <property name="jdk.home" value="C:\Program Files\Java\jdk-17.0.4.1" />
    <property name="java.runtime.version" value="17.0.4.1+1-LTS-2" />
    <property name="libs.eclipselink.maven-pom" value="" />
    <property name="libs.graaljs.classpath" value="C:\Program Files\NetBeans-15\netbeans\webcommon\modules\ext\js-20.3.0.jar;C:\Program Files\NetBeans-15\netbeans\webcommon\modules\ext\js-launcher-20.3.0.jar;C:\Program Files\NetBeans-15\netbeans\webcommon\modules\ext\regex-20.3.0.jar;C:\Program Files\NetBeans-15\netbeans\webcommon\modules\ext\icu4j-67.1.jar;C:\Program Files\NetBeans-15\netbeans\ide\modules\ext\graal-sdk-20.3.0.jar;C:\Program Files\NetBeans-15\netbeans\ide\modules\ext\launcher-common-20.3.0.jar;C:\Program Files\NetBeans-15\netbeans\ide\modules\ext\truffle-api-20.3.0.jar" />
    <property name="libs.JAXB-ENDORSED.javadoc" value="" />
    <property name="debug.test.modulepath" value="" />
    <property name="org.openide.awt.SwingBrowserImpl.do-not-block-awt" value="false" />
    <property name="sun.java2d.noddraw" value="true" />
    <property name="file.encoding" value="Cp1252" />
    <property name="java.util.logging.config.class" value="org.netbeans.core.startup.TopLogging" />
    <property name="sun.zip.disableMemoryMapping" value="true" />
    <property name="jnidispatch.path" value="C:\Users\ciclos\AppData\Local\Temp\jna--1360654989\jna14449540497565555527.dll" />
    <property name="https.nonProxyHosts" value="localhost|127.0.0.1|DESKTOP-5L013PL" />
    <property name="libs.junit_5.javadoc" value="C:\Program Files\NetBeans-15\netbeans\platform\docs\junit-jupiter-api-5.6.0-javadoc.jar;C:\Program Files\NetBeans-15\netbeans\platform\docs\junit-jupiter-params-5.6.0-javadoc.jar;C:\Program Files\NetBeans-15\netbeans\platform\docs\junit-jupiter-engine-5.6.0-javadoc.jar" />
    <property name="libs.absolutelayout.classpath" value="C:\Program Files\NetBeans-15\netbeans\java\modules\ext\AbsoluteLayout.jar" />
    <property name="dist.archive.excludes" value="" />
    <property name="java.io.tmpdir" value="C:\Users\ciclos\AppData\Local\Temp\" />
    <property name="do.archive" value="true" />
    <property name="java.version" value="17.0.4.1" />
    <property name="java.vm.specification.name" value="Java Virtual Machine Specification" />
    <property name="built-jar.properties" value="C:\Users\ciclos\Documents\NetBeansProjects\ValidadorIPs\build\built-jar.properties" />
    <property name="nb.native.filechooser" value="false" />
    <property name="libs.testng.src" value="" />
    <property name="native.encoding" value="Cp1252" />
    <property name="java.library.path" value="C:\Program Files\Java\jdk-17.0.4.1\bin;C:\Windows\Sun\Java\bin;C:\Windows\system32;C:\Windows;C:\Program Files\Common Files\Oracle\Java\javapath;C:\Program Files (x86)\Intel\iCLS Client\;C:\Program Files\Intel\iCLS Client\;C:\Program Files (x86)\Common Files\Oracle\Java\javapath;C:\Windows\system32;C:\Windows;C:\Windows\System32\Wbem;C:\Windows\System32\WindowsPowerShell\v1.0\;C:\Windows\System32\OpenSSH\;C:\Program Files\Microsoft VS Code\bin;C:\Program Files (x86)\Intel\Intel(R) Management Engine Components\DAL;C:\Program Files\Intel\Intel(R) Management Engine Components\DAL;C:\Program Files (x86)\Intel\Intel(R) Management Engine Components\IPT;C:\Program Files\Intel\Intel(R) Management Engine Components\IPT;C:\Program Files\Git\cmd;C:\Users\ciclos\AppData\Local\Microsoft\WindowsApps;;." />
    <property name="platform.active" value="default_platform" />
    <property name="libs.hamcrest.src" value="" />
    <property name="manifest.file" value="manifest.mf" />
    <property name="java.vendor" value="Oracle Corporation" />
    <property name="libs.testng.javadoc" value="C:\Program Files\NetBeans-15\netbeans\platform\docs\testng-6.13.1-javadoc.jar" />
    <property name="meta.inf.dir" value="src/META-INF" />
    <property name="run.upgrademodulepath" value="" />
    <property name="sun.io.unicode.encoding" value="UnicodeLittle" />
    <property name="compile.on.save" value="true" />
    <property name="jlink.additionalparam" value="" />
    <property name="libs.testng.maven-pom" value="" />
    <property name="org.openide.version" value="deprecated" />
    <property name="default.javac.source" value="17" />
    <property name="netbeans.dynamic.classpath" value="C:\Program Files\NetBeans-15\netbeans\platform\core\asm-9.3.jar;C:\Program Files\NetBeans-15\netbeans\platform\core\asm-commons-9.3.jar;C:\Program Files\NetBeans-15\netbeans\platform\core\asm-tree-9.3.jar;C:\Program Files\NetBeans-15\netbeans\platform\core\core-base.jar;C:\Program Files\NetBeans-15\netbeans\platform\core\core.jar;C:\Program Files\NetBeans-15\netbeans\platform\core\org-netbeans-libs-asm.jar;C:\Program Files\NetBeans-15\netbeans\platform\core\org-openide-filesystems-compat8.jar;C:\Program Files\NetBeans-15\netbeans\platform\core\org-openide-filesystems.jar;C:\Program Files\NetBeans-15\netbeans\nb\core\org-netbeans-upgrader.jar;C:\Program Files\NetBeans-15\netbeans\nb\core\locale\core_nb.jar" />
    <property name="run.classpath" value=":build/classes" />
    <property name="libs.jaxb.src" value="" />
    <property name="libs.eclipselinkmodelgen.classpath" value="C:\Program Files\NetBeans-15\netbeans\java\modules\ext\eclipselink\org.eclipse.persistence.jpa.modelgen.processor-2.7.10.jar" />
    <property name="javac.systemmodulepath.cmd.line.arg" value="" />
    <property name="test.src.dir" value="test" />
    <property name="sun.awt.enableExtraMouseButtons" value="true" />
    <property name="org.openide.major.version" value="IDE/1" />
    <property name="libs.spring-framework300.javadoc" value="" />
    <property name="netbeans.buildnumber" value="15-387759c96ce1b891ec45ffaf524a53499455fe1a" />
    <property name="ap.proc.none.internal" value="" />
    <property name="endorsed.classpath.cmd.line.arg" value="" />
    <property name="org.openide.specification.version" value="6.2" />
    <property name="user.timezone" value="Europe/Madrid" />
    <property name="libs.jpa20-persistence.maven-pom" value="" />
    <property name="jar.index" value="false" />
    <property name="libs.jpa20-persistence.classpath" value="C:\Program Files\NetBeans-15\netbeans\java\modules\ext\eclipselink\jakarta.persistence-2.2.3.jar" />
    <property name="java.vm.specification.version" value="17" />
    <property name="build.sysclasspath" value="ignore" />
    <property name="libs.eclipselinkmodelgen.javadoc" value="" />
    <property name="libs.junit_5.classpath" value="C:\Program Files\NetBeans-15\netbeans\platform\modules\ext\junit-jupiter-api-5.6.0.jar;C:\Program Files\NetBeans-15\netbeans\platform\modules\ext\junit-jupiter-params-5.6.0.jar;C:\Program Files\NetBeans-15\netbeans\platform\modules\ext\junit-jupiter-engine-5.6.0.jar" />
    <property name="libs.CopyLibs.maven-pom" value="" />
    <property name="os.name" value="Windows 10" />
    <property name="javadoc.noindex" value="false" />
    <property name="jdkBug6558476" value="false" />
    <property name="javadoc.private" value="false" />
    <property name="javadoc.author" value="false" />
    <property name="http.nonProxyHosts" value="localhost|127.0.0.1|DESKTOP-5L013PL" />
    <property name="main.class" value="validadorips.ValidadorIPs" />
    <property name="libs.JAXB-ENDORSED.maven-pom" value="" />
    <property name="user.home" value="C:\Users\ciclos" />
    <property name="source.encoding" value="UTF-8" />
    <property name="libs.eclipselinkmodelgen.maven-pom" value="" />
    <property name="jar.compress" value="false" />
    <property name="have.sources" value="true" />
    <property name="annotation.processing.processors.list" value="" />
    <property name="jlink.launcher" value="true" />
    <property name="javac.deprecation" value="false" />
    <property name="build.generated.sources.dir" value="build/generated-sources" />
    <property name="apple.awt.graphics.UseQuartz" value="true" />
    <property name="libs.graaljs.src" value="" />
    <property name="plugin.manager.check.updates" value="false" />
    <property name="run.jvmargs" value="" />
    <property name="netbeans.autoupdate.language" value="es" />
    <property name="libs.eclipselinkmodelgen.src" value="" />
    <property name="build.compiler.emacs" value="true" />
    <property name="build.classes.excludes" value="**/*.java,**/*.form" />
    <property name="dist.jar" value="dist/ValidadorIPs.jar" />
    <property name="ant.file" value="C:\Users\ciclos\Documents\NetBeansProjects\ValidadorIPs\build.xml" />
    <property name="path.separator" value=";" />
    <property name="modules.supported.internal" value="true" />
    <property name="os.version" value="10.0" />
    <property name="libs.JAXB-ENDORSED.classpath" value="C:\Program Files\NetBeans-15\netbeans\ide\modules\ext\jaxb\api\jaxb-api.jar" />
    <property name="netbeans.home" value="C:\Program Files\NetBeans-15\netbeans\platform" />
    <property name="libs.CopyLibs.javadoc" value="" />
    <property name="build.test.results.dir" value="build/test/results" />
    <property name="debug-transport-by-os" value="dt_shmem" />
    <property name="libs.jaxws21.javadoc" value="C:\Program Files\NetBeans-15\netbeans\java\docs\jaxws-api-doc.zip" />
    <property name="libs.spring-framework400.maven-pom" value="" />
    <property name="ap.processors.internal" value="" />
    <property name="java.vm.name" value="Java HotSpot(TM) 64-Bit Server VM" />
    <property name="unnamed.module.internal" value="true" />
    <property name="module.name" value="" />
    <property name="libs.jaxws21.classpath" value="C:\Program Files\NetBeans-15\netbeans\java\modules\ext\jaxws22\api\jakarta.jws-api.jar;C:\Program Files\NetBeans-15\netbeans\java\modules\ext\jaxws22\api\jakarta.xml.soap-api.jar;C:\Program Files\NetBeans-15\netbeans\java\modules\ext\jaxws22\api\jakarta.xml.ws-api.jar;C:\Program Files\NetBeans-15\netbeans\java\modules\ext\jaxws22\FastInfoset.jar;C:\Program Files\NetBeans-15\netbeans\java\modules\ext\jaxws22\gmbal-api-only.jar;C:\Program Files\NetBeans-15\netbeans\java\modules\ext\jaxws22\ha-api.jar;C:\Program Files\NetBeans-15\netbeans\java\modules\ext\jaxws22\jakarta.mail.jar;C:\Program Files\NetBeans-15\netbeans\java\modules\ext\jaxws22\jaxws-rt.jar;C:\Program Files\NetBeans-15\netbeans\java\modules\ext\jaxws22\jaxws-tools.jar;C:\Program Files\NetBeans-15\netbeans\java\modules\ext\jaxws22\management-api.jar;C:\Program Files\NetBeans-15\netbeans\java\modules\ext\jaxws22\mimepull.jar;C:\Program Files\NetBeans-15\netbeans\java\modules\ext\jaxws22\policy.jar;C:\Program Files\NetBeans-15\netbeans\java\modules\ext\jaxws22\saaj-impl.jar;C:\Program Files\NetBeans-15\netbeans\java\modules\ext\jaxws22\stax-ex.jar;C:\Program Files\NetBeans-15\netbeans\java\modules\ext\jaxws22\stax2-api.jar;C:\Program Files\NetBeans-15\netbeans\java\modules\ext\jaxws22\streambuffer.jar;C:\Program Files\NetBeans-15\netbeans\java\modules\ext\jaxws22\woodstox-core.jar;C:\Program Files\NetBeans-15\netbeans\ide\modules\ext\jaxb\api\jaxb-api.jar;C:\Program Files\NetBeans-15\netbeans\ide\modules\ext\jaxb\activation.jar;C:\Program Files\NetBeans-15\netbeans\ide\modules\ext\jaxb\jaxb-impl.jar;C:\Program Files\NetBeans-15\netbeans\ide\modules\ext\jaxb\jaxb-xjc.jar" />
    <property name="os.arch" value="amd64" />
    <property name="build.generated.dir" value="build/generated" />
    <property name="libs.spring-framework400.javadoc" value="" />
    <property name="libs.hamcrest.javadoc" value="" />
    <property name="java.vm.info" value="mixed mode, sharing" />
    <property name="libs.jaxws21.maven-pom" value="" />
    <property name="run.test.classpath" value=":build/classes:C:\Program Files\NetBeans-15\netbeans\platform\modules\ext\junit-4.13.2.jar:C:\Program Files\NetBeans-15\netbeans\platform\modules\ext\hamcrest-core-1.3.jar:build/test/classes" />
    <property name="dist.jlink.output" value="dist/jlink/ValidadorIPs" />
    <property name="javadoc.encoding.used" value="UTF-8" />
    <property name="java.class.version" value="61.0" />
    <property name="src.dir" value="src" />
    <property name="org.netbeans.io.suspend" value="0" />
    <property name="ant.project.default-target" value="default" />
    <property name="debug.classpath" value=":build/classes" />
    <property name="ant.file.type.ValidadorIPs" value="file" />
    <property name="excludes" value="" />
    <property name="ant.project.name" value="ValidadorIPs" />
    <property name="dist.javadoc.dir" value="dist/javadoc" />
    <property name="run.test.jvmargs" value="" />
    <property name="libs.junit_4.javadoc" value="C:\Program Files\NetBeans-15\netbeans\platform\docs\junit-4.13.2-javadoc.jar" />
    <property name="sun.jnu.encoding" value="Cp1252" />
    <property name="default.javac.target" value="17" />
    <property name="javac.fork" value="true" />
    <property name="sun.java2d.dpiaware" value="true" />
    <property name="libs.eclipselink.classpath" value="C:\Program Files\NetBeans-15\netbeans\java\modules\ext\eclipselink\org.eclipse.persistence.core-2.7.10.jar;C:\Program Files\NetBeans-15\netbeans\java\modules\ext\eclipselink\org.eclipse.persistence.asm-9.2.0.jar;C:\Program Files\NetBeans-15\netbeans\java\modules\ext\eclipselink\org.eclipse.persistence.antlr-2.7.10.jar;C:\Program Files\NetBeans-15\netbeans\java\modules\ext\eclipselink\org.eclipse.persistence.jpa-2.7.10.jar;C:\Program Files\NetBeans-15\netbeans\java\modules\ext\eclipselink\org.eclipse.persistence.jpa.jpql-2.7.10.jar;C:\Program Files\NetBeans-15\netbeans\java\modules\ext\eclipselink\org.eclipse.persistence.moxy-2.7.10.jar;C:\Program Files\NetBeans-15\netbeans\java\modules\ext\eclipselink\jakarta.persistence-2.2.3.jar" />
    <property name="main.class.available" value="true" />
    <property name="netbeans.importclass" value="org.netbeans.upgrade.AutoUpgrade" />
    <property name="libs.PostgreSQLDriver.maven-pom" value="" />
    <property name="libs.absolutelayout.src" value="" />
    <property name="netbeans.autoupdate.version" value="1.23" />
    <property name="ant.file.ValidadorIPs" value="C:\Users\ciclos\Documents\NetBeansProjects\ValidadorIPs\build.xml" />
    <property name="empty.dir" value="C:\Users\ciclos\Documents\NetBeansProjects\ValidadorIPs\build\empty" />
    <property name="testng.mode" value="testng" />
    <property name="annotation.processing.enabled.in.editor" value="false" />
    <property name="netbeans.user" value="C:\Users\ciclos\AppData\Roaming\NetBeans\15" />
    <property name="file.separator" value="\" />
    <property name="java.vm.compressedOopsMode" value="32-bit" />
    <property name="line.separator" value="&#xd;&#xa;" />
    <property name="javadoc.additionalparam" value="" />
    <property name="netbeans.productversion" value="Apache NetBeans IDE 15" />
    <property name="javac.debug" value="true" />
    <property name="libs.testng.classpath" value="C:\Program Files\NetBeans-15\netbeans\platform\modules\ext\testng-6.14.3.jar;C:\Program Files\NetBeans-15\netbeans\platform\modules\ext\jcommander-1.78.jar" />
    <property name="mkdist.disabled" value="false" />
    <property name="user.name" value="ciclos" />
    <property name="build.classes.dir" value="build/classes" />
    <property name="nb.junit.single" value="false" />
    <property name="javadoc.windowtitle" value="" />
    <property name="nb.internal.action.name" value="test" />
    <property name="libs.absolutelayout.javadoc" value="" />
    <property name="libs.jaxws21.src" value="" />
    <property name="module.build.classes.dir" value="build/classes" />
    <property name="libs.jaxb.maven-pom" value="" />
    <property name="annotation.processing.processor.options" value="" />
    <property name="dist.dir" value="dist" />
    <property name="jna.loaded" value="true" />
    <property name="build.dir" value="build" />
    <property name="libs.graaljs.maven-pom" value="" />
    <property name="libs.junit_5.maven-pom" value="" />
    <property name="netbeans.autoupdate.variant" value="" />
    <property name="libs.jpa20-persistence.javadoc" value="C:\Program Files\NetBeans-15\netbeans\java\modules\ext\docs\jakarta.persistence-2.2.3-doc.zip" />
    <property name="javadoc.version" value="false" />
    <property name="ant.junit.enabletestlistenerevents" value="true" />
    <property name="libs.JWSAntTasks.src" value="" />
    <property name="libs.CopyLibs.classpath" value="C:\Program Files\NetBeans-15\netbeans\java\ant\extra\org-netbeans-modules-java-j2seproject-copylibstask.jar" />
    <property name="ant.home" value="C:\Program Files\NetBeans-15\netbeans\extide\ant" />
    <property name="debug.test.classpath" value=":build/classes:C:\Program Files\NetBeans-15\netbeans\platform\modules\ext\junit-4.13.2.jar:C:\Program Files\NetBeans-15\netbeans\platform\modules\ext\hamcrest-core-1.3.jar:build/test/classes" />
    <property name="sun.os.patch.level" value="" />
    <property name="javac.external.vm" value="true" />
    <property name="have.tests" value="true" />
    <property name="testng.debug.mode" value="" />
    <property name="javac.target" value="17" />
    <property name="ant.version" value="Apache Ant(TM) version 1.10.8 compiled on May 10 2020" />
    <property name="libs.absolutelayout.maven-pom" value="" />
    <property name="javadoc.html5" value="false" />
    <property name="javac.test.processorpath" value=":build/classes:C:\Program Files\NetBeans-15\netbeans\platform\modules\ext\junit-4.13.2.jar:C:\Program Files\NetBeans-15\netbeans\platform\modules\ext\hamcrest-core-1.3.jar" />
    <property name="java.failonerror" value="true" />
    <property name="netbeans.dirs" value="C:\Program Files\NetBeans-15\netbeans\nb;C:\Program Files\NetBeans-15\netbeans\ergonomics;C:\Program Files\NetBeans-15\netbeans\ide;C:\Program Files\NetBeans-15\netbeans\extide;C:\Program Files\NetBeans-15\netbeans\java;C:\Program Files\NetBeans-15\netbeans\apisupport;C:\Program Files\NetBeans-15\netbeans\webcommon;C:\Program Files\NetBeans-15\netbeans\websvccommon;C:\Program Files\NetBeans-15\netbeans\enterprise;C:\Program Files\NetBeans-15\netbeans\mobility;C:\Program Files\NetBeans-15\netbeans\profiler;C:\Program Files\NetBeans-15\netbeans\python;C:\Program Files\NetBeans-15\netbeans\php;C:\Program Files\NetBeans-15\netbeans\identity;C:\Program Files\NetBeans-15\netbeans\harness;C:\Program Files\NetBeans-15\netbeans\cnd;C:\Program Files\NetBeans-15\netbeans\cndext;C:\Program Files\NetBeans-15\netbeans\cpplite;C:\Program Files\NetBeans-15\netbeans\dlight;C:\Program Files\NetBeans-15\netbeans\groovy;C:\Program Files\NetBeans-15\netbeans\extra;C:\Program Files\NetBeans-15\netbeans\javacard;C:\Program Files\NetBeans-15\netbeans\javafx" />
    <property name="libs.spring-framework500.src" value="" />
    <property name="javac.modulepath" value="" />
    <property name="user.properties.file" value="C:\Users\ciclos\AppData\Roaming\NetBeans\15\build.properties" />
    <property name="libs.hamcrest.maven-pom" value="" />
    <property name="netbeans.autoupdate.country" value="ES" />
    <property name="nb.wait.for.caches" value="true" />
    <property name="javac.processorpath" value="" />
    <property name="java.class.path" value="C:\Users\ciclos\Documents\NetBeansProjects\ValidadorIPs\build\classes;C:\Program Files\NetBeans-15\netbeans\platform\modules\ext\junit-4.13.2.jar;C:\Program Files\NetBeans-15\netbeans\platform\modules\ext\hamcrest-core-1.3.jar;C:\Users\ciclos\Documents\NetBeansProjects\ValidadorIPs\build\test\classes;C:\Program Files\NetBeans-15\netbeans\extide\ant\lib\ant-launcher.jar;C:\Program Files\NetBeans-15\netbeans\extide\ant\lib\ant.jar;C:\Program Files\NetBeans-15\netbeans\extide\ant\lib\ant-junit.jar;C:\Program Files\NetBeans-15\netbeans\extide\ant\lib\ant-junit4.jar" />
    <property name="libs.JWSAntTasks.maven-pom" value="" />
    <property name="java.vm.vendor" value="Oracle Corporation" />
    <property name="ap.supported.internal" value="true" />
    <property name="user.variant" value="" />
    <property name="netbeans.home+have.tests" value="true" />
    <property name="javac.upgrademodulepath" value="" />
    <property name="run.modulepath" value="" />
    <property name="test.binaryexcludes" value="" />
    <property name="do.archive+manifest.available" value="true" />
    <property name="javac.compilerargs" value="" />
    <property name="apple.laf.useScreenMenuBar" value="true" />
    <property name="user.country" value="ES" />
    <property name="sun.java.launcher" value="SUN_STANDARD" />
    <property name="libs.jpa20-persistence.src" value="" />
    <property name="javac.test.sourcepath" value="C:\Users\ciclos\Documents\NetBeansProjects\ValidadorIPs\build\empty" />
    <property name="sun.cpu.endian" value="little" />
    <property name="libs.junit_4.src" value="C:\Program Files\NetBeans-15\netbeans\platform\docs\junit-4.13.2-sources.jar" />
    <property name="user.language" value="es" />
    <property name="copylibs.rebase" value="true" />
    <property name="maven.defaultProjectBuilder.disableGlobalModelCache" value="true" />
    <property name="includes" value="**" />
    <property name="javadoc.nonavbar" value="false" />
    <property name="ant.java.version" value="17" />
    <property name="libs.junit_4.classpath" value="C:\Program Files\NetBeans-15\netbeans\platform\modules\ext\junit-4.13.2.jar" />
    <property name="libs.hamcrest.classpath" value="C:\Program Files\NetBeans-15\netbeans\platform\modules\ext\hamcrest-core-1.3.jar" />
    <property name="jlink.launcher.name" value="ValidadorIPs" />
    <property name="javadoc.splitindex" value="true" />
    <property name="libs.JWSAntTasks.classpath" value="C:\Program Files\NetBeans-15\netbeans\java\ant\extra\org-netbeans-modules-javawebstart-anttasks.jar" />
    <property name="junit.available" value="true" />
    <property name="test.binarytestincludes" value="" />
    <property name="sun.awt.keepWorkingSetOnMinimize" value="true" />
    <property name="javac.processormodulepath" value="" />
    <property name="libs.junit_4.maven-pom" value="" />
    <property name="ant.file.ValidadorIPs-impl" value="C:\Users\ciclos\Documents\NetBeansProjects\ValidadorIPs\nbproject\build-impl.xml" />
    <property name="runtime.encoding" value="UTF-8" />
    <property name="jlink.additionalmodules" value="" />
    <property name="javadoc.encoding" value="UTF-8" />
    <property name="javac.classpath" value="" />
    <property name="dist.jlink.dir" value="dist/jlink" />
    <property name="netbeans.hash.code" value="unique=NB_EXTIDE_JAVA_WEBCOMMON04ec559bb-462b-4f2f-aa83-fb054e4326e7_f559f359-d634-4d57-9232-4b53d5033ac2" />
    <property name="nb.junit.batch" value="true" />
    <property name="build.test.classes.dir" value="build/test/classes" />
    <property name="java.runtime.name" value="Java(TM) SE Runtime Environment" />
    <property name="libs.jaxb.javadoc" value="C:\Program Files\NetBeans-15\netbeans\ide\docs\jaxb-api-doc.jar" />
    <property name="manifest.available" value="true" />
    <property name="libs.spring-framework500.maven-pom" value="" />
    <property name="libs.spring-framework300.maven-pom" value="" />
    <property name="ant.project.invoked-targets" value="test" />
    <property name="run.jvmargs.ide" value="" />
    <property name="netbeans.automatic.build" value="true" />
    <property name="ap.cmd.line.internal" value="" />
    <property name="libs.PostgreSQLDriver.src" value="" />
    <property name="ant.core.lib" value="C:\Program Files\NetBeans-15\netbeans\extide\ant\lib\ant.jar" />
    <property name="java.vendor.url.bug" value="https://bugreport.java.com/bugreport/" />
    <property name="annotation.processing.source.output" value="build/generated-sources/ap-source-output" />
    <property name="user.dir" value="C:\Users\ciclos\Documents\NetBeansProjects\ValidadorIPs" />
    <property name="javac.profile.cmd.line.arg" value="" />
    <property name="platform.java" value="C:\Program Files\Java\jdk-17.0.4.1/bin/java" />
    <property name="application.args" value="" />
    <property name="do.archive+main.class.available" value="true" />
    <property name="org.xml.sax.driver" value="com.sun.org.apache.xerces.internal.jaxp.SAXParserImpl$JAXPSAXParser" />
    <property name="ignore.failing.tests" value="true" />
    <property name="javac.test.modulepath" value="" />
    <property name="libs.PostgreSQLDriver.javadoc" value="" />
    <property name="libs.eclipselink.src" value="" />
    <property name="java.vm.version" value="17.0.4.1+1-LTS-2" />
    <property name="sun.awt.datatransfer.timeout" value="1000" />
    <property name="annotation.processing.run.all.processors" value="true" />
    <property name="junit.forkmode" value="perTest" />
  </properties>
  <testcase classname="validadorips.ValidadorIPsTest" name="testEsIPValida_01" time="0.003" />
  <testcase classname="validadorips.ValidadorIPsTest" name="testEsIPValida_03" time="0.0" />
  <testcase classname="validadorips.ValidadorIPsTest" name="testEsIPValida_04" time="0.001" />
  <testcase classname="validadorips.ValidadorIPsTest" name="testEsIPValida_07" time="0.0" />
  <testcase classname="validadorips.ValidadorIPsTest" name="testEsIPValida_08" time="0.0" />
  <testcase classname="validadorips.ValidadorIPsTest" name="testEsIPValida_02a" time="0.0" />
  <testcase classname="validadorips.ValidadorIPsTest" name="testEsIPValida_02b" time="0.001" />
  <testcase classname="validadorips.ValidadorIPsTest" name="testEsIPValida_02c" time="0.0" />
  <testcase classname="validadorips.ValidadorIPsTest" name="testEsIPValida_05a" time="0.0" />
  <testcase classname="validadorips.ValidadorIPsTest" name="testEsIPValida_05b" time="0.0" />
  <testcase classname="validadorips.ValidadorIPsTest" name="testEsIPValida_05c" time="0.0" />
  <testcase classname="validadorips.ValidadorIPsTest" name="testEsIPValida_06a" time="0.0" />
  <testcase classname="validadorips.ValidadorIPsTest" name="testEsIPValida_06b" time="0.001" />
  <testcase classname="validadorips.ValidadorIPsTest" name="testEsIPValida_06c" time="0.0" />
  <testcase classname="validadorips.ValidadorIPsTest" name="testEsIPValida_09a" time="0.001" />
  <testcase classname="validadorips.ValidadorIPsTest" name="testEsIPValida_09b" time="0.001" />
  <testcase classname="validadorips.ValidadorIPsTest" name="testEsIPValida_09c" time="0.0" />
  <testcase classname="validadorips.ValidadorIPsTest" name="testEsIPValida_09d" time="0.0" />
  <system-out><![CDATA[IP valida sin octeto a 0
Cadena nula
No valida - cadena vacia
Separadores no validos - 192,168,10,11
Direccion terminada en punto tras cuarto octeto - 192.168.10.11.
IP valida con octeto a 0 primero
IP valida con octeto a cero en medio
IP valida con octeto a cero al final
No completa - 192
No completa - 192.122
No completa - 192.122.135
Valor octeto no valido - 192.500.135.45
Valor octeto no valido - 192.-55.135.45
Valor octeto no valido - 192.4e.135.45
Direccion con error octeto empieza con 0 - 192.05.10.11
Direccion con error octeto empieza con 0 - 092.5.10.11
Direccion con error octeto empieza con 0 - 192.05.10.11
Direccion con error octeto empieza con 0 - 76.14.200.00
]]></system-out>
  <system-err><![CDATA[]]></system-err>
</testsuite>
